
2024-10-08 14:42:55,019 - INFO - Вызов функции calculate с параметрами: a=10, b=5, operand="+"
2024-10-08 14:42:55,019 - INFO - Результат выполнения функции calculate: 15
2024-10-08 14:42:55,020 - INFO - Вызов функции calculate с параметрами: a=10, b=1, operand="/"
2024-10-08 14:42:55,020 - INFO - Результат выполнения функции calculate: 10.0
2024-10-08 14:47:22,588 - INFO - Вызов функции calculate с параметрами: a=1, b=2, operand="+"
2024-10-08 14:47:22,588 - INFO - Результат выполнения функции calculate: 3
2024-10-08 14:47:22,589 - INFO - Вызов функции calculate с параметрами: a=1, b=2, operand="+"
2024-10-08 14:47:22,589 - INFO - Результат выполнения функции calculate: 12
2024-10-22 16:15:33,043 - INFO - Вызов функции calculate с параметрами: a=43.12412512512, b=1.1512535123512353, operand="+", округление=
2024-10-22 16:16:28,811 - INFO - Вызов функции calculate с параметрами: a=35.23523515346347, b=5.12781857891726, operand="+", округление=
2024-10-22 16:16:28,811 - INFO - Результат выполнения функции calculate: 40.363054
2024-10-22 16:18:24,269 - INFO - Вызов функции calculate с параметрами: a=3.124671249767124, b=9.12487918627468, operand="+", округление=6
2024-10-22 16:20:23,789 - INFO - Вызов функции calculate с параметрами: a=4.192864986128965, b=9.1246896, operand="+", округление=6
2024-10-22 16:20:23,790 - INFO - Результат выполнения функции calculate: Неправильный вид значения округления
2024-10-22 16:33:52,860 - INFO - Вызов функции calculate с параметрами: args=3 4 5 6 7, operand="+", tolerance=
2024-10-22 16:36:49,100 - INFO - Вызов функции calculate с параметрами: numbers=1 2 3 4 5, operand="+", tolerance=
2024-10-22 16:41:38,660 - INFO - Вызов функции calculate с параметрами: numbers=1 2 3 4 5, operand="+", tolerance=
2024-10-22 16:42:15,469 - INFO - Вызов функции calculate с параметрами: numbers=1 2 3 4 5, operand="+", tolerance=
2024-10-22 16:43:07,500 - INFO - Вызов функции calculate с параметрами: numbers=1 2 3 4 5, operand="+", tolerance=
2024-10-22 16:43:07,500 - INFO - Результат выполнения функции calculate: 15
